mode: set
github.com/libp2p/go-libp2p-quic-transport/stream.go:14.32,15.47 1 0
github.com/libp2p/go-libp2p-quic-transport/stream.go:18.2,18.32 1 0
github.com/libp2p/go-libp2p-quic-transport/stream.go:15.47,17.3 1 0
github.com/libp2p/go-libp2p-quic-transport/transport.go:25.68,28.3 1 1
github.com/libp2p/go-libp2p-quic-transport/transport.go:40.78,41.17 1 1
github.com/libp2p/go-libp2p-quic-transport/transport.go:42.14,44.28 2 1
github.com/libp2p/go-libp2p-quic-transport/transport.go:47.3,47.25 1 1
github.com/libp2p/go-libp2p-quic-transport/transport.go:48.14,50.28 2 1
github.com/libp2p/go-libp2p-quic-transport/transport.go:53.3,53.25 1 1
github.com/libp2p/go-libp2p-quic-transport/transport.go:54.10,55.61 1 0
github.com/libp2p/go-libp2p-quic-transport/transport.go:44.28,46.4 1 1
github.com/libp2p/go-libp2p-quic-transport/transport.go:50.28,52.4 1 1
github.com/libp2p/go-libp2p-quic-transport/transport.go:59.80,61.16 2 1
github.com/libp2p/go-libp2p-quic-transport/transport.go:64.2,64.37 1 1
github.com/libp2p/go-libp2p-quic-transport/transport.go:61.16,63.3 1 0
github.com/libp2p/go-libp2p-quic-transport/transport.go:78.58,80.16 2 1
github.com/libp2p/go-libp2p-quic-transport/transport.go:83.2,84.16 2 1
github.com/libp2p/go-libp2p-quic-transport/transport.go:88.2,93.8 1 1
github.com/libp2p/go-libp2p-quic-transport/transport.go:80.16,82.3 1 0
github.com/libp2p/go-libp2p-quic-transport/transport.go:84.16,86.3 1 0
github.com/libp2p/go-libp2p-quic-transport/transport.go:97.96,99.16 2 1
github.com/libp2p/go-libp2p-quic-transport/transport.go:102.2,103.16 2 1
github.com/libp2p/go-libp2p-quic-transport/transport.go:106.2,107.16 2 1
github.com/libp2p/go-libp2p-quic-transport/transport.go:110.2,115.89 3 1
github.com/libp2p/go-libp2p-quic-transport/transport.go:134.2,135.16 2 1
github.com/libp2p/go-libp2p-quic-transport/transport.go:138.2,139.16 2 1
github.com/libp2p/go-libp2p-quic-transport/transport.go:142.2,150.8 1 1
github.com/libp2p/go-libp2p-quic-transport/transport.go:99.16,101.3 1 0
github.com/libp2p/go-libp2p-quic-transport/transport.go:103.16,105.3 1 0
github.com/libp2p/go-libp2p-quic-transport/transport.go:107.16,109.3 1 0
github.com/libp2p/go-libp2p-quic-transport/transport.go:115.89,117.38 2 1
github.com/libp2p/go-libp2p-quic-transport/transport.go:124.3,126.17 3 1
github.com/libp2p/go-libp2p-quic-transport/transport.go:129.3,129.40 1 1
github.com/libp2p/go-libp2p-quic-transport/transport.go:132.3,132.13 1 1
github.com/libp2p/go-libp2p-quic-transport/transport.go:117.38,119.18 2 1
github.com/libp2p/go-libp2p-quic-transport/transport.go:122.4,122.19 1 1
github.com/libp2p/go-libp2p-quic-transport/transport.go:119.18,121.5 1 0
github.com/libp2p/go-libp2p-quic-transport/transport.go:126.17,128.4 1 1
github.com/libp2p/go-libp2p-quic-transport/transport.go:129.40,131.4 1 1
github.com/libp2p/go-libp2p-quic-transport/transport.go:135.16,137.3 1 1
github.com/libp2p/go-libp2p-quic-transport/transport.go:139.16,141.3 1 0
github.com/libp2p/go-libp2p-quic-transport/transport.go:154.53,156.2 1 1
github.com/libp2p/go-libp2p-quic-transport/transport.go:159.69,161.2 1 1
github.com/libp2p/go-libp2p-quic-transport/transport.go:164.34,166.2 1 0
github.com/libp2p/go-libp2p-quic-transport/transport.go:169.39,171.2 1 1
github.com/libp2p/go-libp2p-quic-transport/transport.go:173.37,175.2 1 0
github.com/libp2p/go-libp2p-quic-transport/conn.go:27.30,29.2 1 1
github.com/libp2p/go-libp2p-quic-transport/conn.go:32.32,34.2 1 1
github.com/libp2p/go-libp2p-quic-transport/conn.go:37.50,40.2 2 1
github.com/libp2p/go-libp2p-quic-transport/conn.go:43.52,46.2 2 1
github.com/libp2p/go-libp2p-quic-transport/conn.go:49.36,51.2 1 1
github.com/libp2p/go-libp2p-quic-transport/conn.go:54.45,56.2 1 1
github.com/libp2p/go-libp2p-quic-transport/conn.go:59.37,61.2 1 1
github.com/libp2p/go-libp2p-quic-transport/conn.go:64.44,66.2 1 1
github.com/libp2p/go-libp2p-quic-transport/conn.go:69.46,71.2 1 0
github.com/libp2p/go-libp2p-quic-transport/conn.go:74.47,76.2 1 0
github.com/libp2p/go-libp2p-quic-transport/conn.go:78.42,80.2 1 0
github.com/libp2p/go-libp2p-quic-transport/crypto.go:21.62,23.16 2 1
github.com/libp2p/go-libp2p-quic-transport/crypto.go:27.2,28.16 2 1
github.com/libp2p/go-libp2p-quic-transport/crypto.go:34.2,41.16 3 1
github.com/libp2p/go-libp2p-quic-transport/crypto.go:44.2,45.16 2 1
github.com/libp2p/go-libp2p-quic-transport/crypto.go:48.2,56.8 1 1
github.com/libp2p/go-libp2p-quic-transport/crypto.go:23.16,25.3 1 0
github.com/libp2p/go-libp2p-quic-transport/crypto.go:28.16,30.3 1 0
github.com/libp2p/go-libp2p-quic-transport/crypto.go:41.16,43.3 1 0
github.com/libp2p/go-libp2p-quic-transport/crypto.go:45.16,47.3 1 0
github.com/libp2p/go-libp2p-quic-transport/crypto.go:59.68,60.39 1 1
github.com/libp2p/go-libp2p-quic-transport/crypto.go:63.2,67.20 5 1
github.com/libp2p/go-libp2p-quic-transport/crypto.go:73.2,77.55 2 1
github.com/libp2p/go-libp2p-quic-transport/crypto.go:80.2,81.16 2 1
github.com/libp2p/go-libp2p-quic-transport/crypto.go:84.2,84.47 1 1
github.com/libp2p/go-libp2p-quic-transport/crypto.go:60.39,62.3 1 0
github.com/libp2p/go-libp2p-quic-transport/crypto.go:67.20,69.37 2 0
github.com/libp2p/go-libp2p-quic-transport/crypto.go:69.37,71.4 1 0
github.com/libp2p/go-libp2p-quic-transport/crypto.go:77.55,79.3 1 0
github.com/libp2p/go-libp2p-quic-transport/crypto.go:81.16,83.3 1 0
github.com/libp2p/go-libp2p-quic-transport/crypto.go:87.78,89.16 2 1
github.com/libp2p/go-libp2p-quic-transport/crypto.go:92.2,102.16 4 1
github.com/libp2p/go-libp2p-quic-transport/crypto.go:105.2,106.57 2 1
github.com/libp2p/go-libp2p-quic-transport/crypto.go:109.2,109.25 1 1
github.com/libp2p/go-libp2p-quic-transport/crypto.go:121.2,122.16 2 1
github.com/libp2p/go-libp2p-quic-transport/crypto.go:125.2,126.16 2 1
github.com/libp2p/go-libp2p-quic-transport/crypto.go:129.2,129.30 1 1
github.com/libp2p/go-libp2p-quic-transport/crypto.go:89.16,91.3 1 0
github.com/libp2p/go-libp2p-quic-transport/crypto.go:102.16,104.3 1 0
github.com/libp2p/go-libp2p-quic-transport/crypto.go:106.57,108.3 1 0
github.com/libp2p/go-libp2p-quic-transport/crypto.go:110.22,112.17 2 1
github.com/libp2p/go-libp2p-quic-transport/crypto.go:115.3,116.17 2 1
github.com/libp2p/go-libp2p-quic-transport/crypto.go:118.10,119.62 1 0
github.com/libp2p/go-libp2p-quic-transport/crypto.go:112.17,114.4 1 0
github.com/libp2p/go-libp2p-quic-transport/crypto.go:122.16,124.3 1 0
github.com/libp2p/go-libp2p-quic-transport/crypto.go:126.16,128.3 1 0
github.com/libp2p/go-libp2p-quic-transport/listener.go:29.140,31.16 2 1
github.com/libp2p/go-libp2p-quic-transport/listener.go:34.2,35.16 2 1
github.com/libp2p/go-libp2p-quic-transport/listener.go:38.2,39.16 2 1
github.com/libp2p/go-libp2p-quic-transport/listener.go:42.2,43.16 2 1
github.com/libp2p/go-libp2p-quic-transport/listener.go:46.2,47.16 2 1
github.com/libp2p/go-libp2p-quic-transport/listener.go:50.2,56.8 1 1
github.com/libp2p/go-libp2p-quic-transport/listener.go:31.16,33.3 1 0
github.com/libp2p/go-libp2p-quic-transport/listener.go:35.16,37.3 1 0
github.com/libp2p/go-libp2p-quic-transport/listener.go:39.16,41.3 1 0
github.com/libp2p/go-libp2p-quic-transport/listener.go:43.16,45.3 1 0
github.com/libp2p/go-libp2p-quic-transport/listener.go:47.16,49.3 1 0
github.com/libp2p/go-libp2p-quic-transport/listener.go:60.47,61.6 1 1
github.com/libp2p/go-libp2p-quic-transport/listener.go:61.6,63.17 2 1
github.com/libp2p/go-libp2p-quic-transport/listener.go:66.3,67.17 2 1
github.com/libp2p/go-libp2p-quic-transport/listener.go:71.3,71.19 1 1
github.com/libp2p/go-libp2p-quic-transport/listener.go:63.17,65.4 1 1
github.com/libp2p/go-libp2p-quic-transport/listener.go:67.17,69.12 2 1
github.com/libp2p/go-libp2p-quic-transport/listener.go:75.67,77.16 2 1
github.com/libp2p/go-libp2p-quic-transport/listener.go:80.2,81.16 2 1
github.com/libp2p/go-libp2p-quic-transport/listener.go:84.2,85.16 2 1
github.com/libp2p/go-libp2p-quic-transport/listener.go:88.2,97.8 1 1
github.com/libp2p/go-libp2p-quic-transport/listener.go:77.16,79.3 1 1
github.com/libp2p/go-libp2p-quic-transport/listener.go:81.16,83.3 1 0
github.com/libp2p/go-libp2p-quic-transport/listener.go:85.16,87.3 1 0
github.com/libp2p/go-libp2p-quic-transport/listener.go:101.34,103.2 1 1
github.com/libp2p/go-libp2p-quic-transport/listener.go:106.36,108.2 1 1
github.com/libp2p/go-libp2p-quic-transport/listener.go:111.45,113.2 1 1
github.com/libp2p/go-libp2p-quic-transport/quic_multiaddr.go:12.13,15.16 3 1
github.com/libp2p/go-libp2p-quic-transport/quic_multiaddr.go:15.16,16.13 1 0
github.com/libp2p/go-libp2p-quic-transport/quic_multiaddr.go:20.57,22.16 2 1
github.com/libp2p/go-libp2p-quic-transport/quic_multiaddr.go:25.2,25.39 1 1
github.com/libp2p/go-libp2p-quic-transport/quic_multiaddr.go:22.16,24.3 1 0
github.com/libp2p/go-libp2p-quic-transport/quic_multiaddr.go:28.61,30.2 1 1
